[0.019s] Invoking command in '/home/chovy/workspace-udemy/pcl-exercise/build/point_cloud_processing': CMAKE_PREFIX_PATH=${CMAKE_PREFIX_PATH}:/opt/ros/humble /usr/bin/cmake --build /home/chovy/workspace-udemy/pcl-exercise/build/point_cloud_processing -- -j4 -l4
[0.095s] [35m[1mConsolidate compiler generated dependencies of target plane_cloud[0m
[0.132s] [ 75%] Built target pcd_import
[0.132s] [ 75%] [32mBuilding CXX object CMakeFiles/plane_cloud.dir/src/1_planner_cloud.cpp.o[0m
[4.149s] [01m[K/home/chovy/workspace-udemy/pcl-exercise/src/point_cloud_processing/src/1_planner_cloud.cpp:[m[K In function â€˜[01m[Kint main()[m[Kâ€™:
[4.152s] [01m[K/home/chovy/workspace-udemy/pcl-exercise/src/point_cloud_processing/src/1_planner_cloud.cpp:9:9:[m[K [01;31m[Kerror: [m[Kâ€˜[01m[KPointCloud2[m[Kâ€™ was not declared in this scope
[4.152s]     9 |     pcl:[01;31m[KPointCloud2[m[K<pcl::PointXYZ> cloud;
[4.152s]       |         [01;31m[K^~~~~~~~~~~[m[K
[4.152s] [01m[K/home/chovy/workspace-udemy/pcl-exercise/src/point_cloud_processing/src/1_planner_cloud.cpp:9:34:[m[K [01;31m[Kerror: [m[Kexpected primary-expression before â€˜[01m[K>[m[Kâ€™ token
[4.152s]     9 |     pcl:PointCloud2<pcl::PointXYZ[01;31m[K>[m[K cloud;
[4.152s]       |                                  [01;31m[K^[m[K
[4.154s] [01m[K/home/chovy/workspace-udemy/pcl-exercise/src/point_cloud_processing/src/1_planner_cloud.cpp:9:36:[m[K [01;31m[Kerror: [m[Kâ€˜[01m[Kcloud[m[Kâ€™ was not declared in this scope
[4.155s]     9 |     pcl:PointCloud2<pcl::PointXYZ> [01;31m[Kcloud[m[K;
[4.155s]       |                                    [01;31m[K^~~~~[m[K
[4.155s] [01m[K/home/chovy/workspace-udemy/pcl-exercise/src/point_cloud_processing/src/1_planner_cloud.cpp:9:5:[m[K [01;35m[Kwarning: [m[Klabel â€˜[01m[Kpcl[m[Kâ€™ defined but not used [[01;35m[K]8;;https://gcc.gnu.org/onlinedocs/gcc/Warning-Options.html#index-Wunused-label-Wunused-label]8;;[m[K]
[4.155s]     9 |     [01;35m[Kpcl[m[K:PointCloud2<pcl::PointXYZ> cloud;
[4.155s]       |     [01;35m[K^~~[m[K
[4.662s] gmake[2]: *** [CMakeFiles/plane_cloud.dir/build.make:76: CMakeFiles/plane_cloud.dir/src/1_planner_cloud.cpp.o] Error 1
[4.663s] gmake[1]: *** [CMakeFiles/Makefile2:165: CMakeFiles/plane_cloud.dir/all] Error 2
[4.663s] gmake: *** [Makefile:146: all] Error 2
[4.666s] Invoked command in '/home/chovy/workspace-udemy/pcl-exercise/build/point_cloud_processing' returned '2': CMAKE_PREFIX_PATH=${CMAKE_PREFIX_PATH}:/opt/ros/humble /usr/bin/cmake --build /home/chovy/workspace-udemy/pcl-exercise/build/point_cloud_processing -- -j4 -l4
