[0.027s] Invoking command in '/home/chovy/workspace-udemy/pcl-exercise/build/point_cloud_processing': CMAKE_PREFIX_PATH=${CMAKE_PREFIX_PATH}:/opt/ros/humble /usr/bin/cmake --build /home/chovy/workspace-udemy/pcl-exercise/build/point_cloud_processing -- -j4 -l4
[0.074s] [35m[1mConsolidate compiler generated dependencies of target plane_cloud[0m
[0.093s] [ 50%] Built target pcd_import
[0.101s] [ 75%] [32mBuilding CXX object CMakeFiles/plane_cloud.dir/src/1_planner_cloud.cpp.o[0m
[4.314s] [01m[K/home/chovy/workspace-udemy/pcl-exercise/src/point_cloud_processing/src/1_planner_cloud.cpp:[m[K In function â€˜[01m[Kint main()[m[Kâ€™:
[4.315s] [01m[K/home/chovy/workspace-udemy/pcl-exercise/src/point_cloud_processing/src/1_planner_cloud.cpp:9:9:[m[K [01;31m[Kerror: [m[Kâ€˜[01m[KPointCloud[m[Kâ€™ was not declared in this scope; did you mean â€˜[01m[Kpcl::PointCloud[m[Kâ€™?
[4.315s]     9 |     pcl:[01;31m[KPointCloud[m[K<pcl::PointXYZ> cloud;
[4.316s]       |         [01;31m[K^~~~~~~~~~[m[K
[4.317s]       |         [32m[Kpcl::PointCloud[m[K
[4.317s] In file included from [01m[K/usr/include/pcl-1.12/pcl/io/pcd_io.h:44[m[K,
[4.317s]                  from [01m[K/home/chovy/workspace-udemy/pcl-exercise/src/point_cloud_processing/src/1_planner_cloud.cpp:3[m[K:
[4.318s] [01m[K/usr/include/pcl-1.12/pcl/point_cloud.h:71:36:[m[K [01;36m[Knote: [m[Kâ€˜[01m[Kpcl::PointCloud[m[Kâ€™ declared here
[4.319s]    71 |   template <typename PointT> class [01;36m[KPointCloud[m[K;
[4.319s]       |                                    [01;36m[K^~~~~~~~~~[m[K
[4.319s] [01m[K/home/chovy/workspace-udemy/pcl-exercise/src/point_cloud_processing/src/1_planner_cloud.cpp:9:33:[m[K [01;31m[Kerror: [m[Kexpected primary-expression before â€˜[01m[K>[m[Kâ€™ token
[4.320s]     9 |     pcl:PointCloud<pcl::PointXYZ[01;31m[K>[m[K cloud;
[4.320s]       |                                 [01;31m[K^[m[K
[4.320s] [01m[K/home/chovy/workspace-udemy/pcl-exercise/src/point_cloud_processing/src/1_planner_cloud.cpp:9:35:[m[K [01;31m[Kerror: [m[Kâ€˜[01m[Kcloud[m[Kâ€™ was not declared in this scope
[4.320s]     9 |     pcl:PointCloud<pcl::PointXYZ> [01;31m[Kcloud[m[K;
[4.320s]       |                                   [01;31m[K^~~~~[m[K
[4.320s] [01m[K/home/chovy/workspace-udemy/pcl-exercise/src/point_cloud_processing/src/1_planner_cloud.cpp:9:5:[m[K [01;35m[Kwarning: [m[Klabel â€˜[01m[Kpcl[m[Kâ€™ defined but not used [[01;35m[K]8;;https://gcc.gnu.org/onlinedocs/gcc/Warning-Options.html#index-Wunused-label-Wunused-label]8;;[m[K]
[4.320s]     9 |     [01;35m[Kpcl[m[K:PointCloud<pcl::PointXYZ> cloud;
[4.320s]       |     [01;35m[K^~~[m[K
[4.884s] gmake[2]: *** [CMakeFiles/plane_cloud.dir/build.make:76: CMakeFiles/plane_cloud.dir/src/1_planner_cloud.cpp.o] Error 1
[4.884s] gmake[1]: *** [CMakeFiles/Makefile2:165: CMakeFiles/plane_cloud.dir/all] Error 2
[4.885s] gmake: *** [Makefile:146: all] Error 2
[4.889s] Invoked command in '/home/chovy/workspace-udemy/pcl-exercise/build/point_cloud_processing' returned '2': CMAKE_PREFIX_PATH=${CMAKE_PREFIX_PATH}:/opt/ros/humble /usr/bin/cmake --build /home/chovy/workspace-udemy/pcl-exercise/build/point_cloud_processing -- -j4 -l4
