[0.018s] Invoking command in '/home/chovy/workspace-udemy/pcl-exercise/build/point_cloud_processing': /usr/bin/cmake --build /home/chovy/workspace-udemy/pcl-exercise/build/point_cloud_processing -- -j4 -l4
[0.050s] -- Found ament_cmake: 1.3.10 (/opt/ros/humble/share/ament_cmake/cmake)
[0.207s] Traceback (most recent call last):
[0.207s]   File "/opt/ros/humble/share/ament_cmake_core/cmake/package_templates/templates_2_cmake.py", line 21, in <module>
[0.207s]     from ament_package.templates import get_environment_hook_template_path
[0.207s] ModuleNotFoundError: No module named 'ament_package'
[0.220s] -- Configuring incomplete, errors occurred!
[0.220s] See also "/home/chovy/workspace-udemy/pcl-exercise/build/point_cloud_processing/CMakeFiles/CMakeOutput.log".
[0.221s] [31mCMake Error at /opt/ros/humble/share/ament_cmake_core/cmake/ament_cmake_package_templates-extras.cmake:41 (message):
[0.221s]   execute_process(/usr/bin/python3
[0.221s]   /opt/ros/humble/share/ament_cmake_core/cmake/package_templates/templates_2_cmake.py
[0.221s]   /home/chovy/workspace-udemy/pcl-exercise/build/point_cloud_processing/ament_cmake_package_templates/templates.cmake)
[0.221s]   returned error code 1
[0.221s] Call Stack (most recent call first):
[0.221s]   /opt/ros/humble/share/ament_cmake_core/cmake/ament_cmake_coreConfig.cmake:41 (include)
[0.221s]   /opt/ros/humble/share/ament_cmake/cmake/ament_cmake_export_dependencies-extras.cmake:15 (find_package)
[0.221s]   /opt/ros/humble/share/ament_cmake/cmake/ament_cmakeConfig.cmake:41 (include)
[0.221s]   CMakeLists.txt:9 (find_package)
[0.221s] 
[0.221s] [0m
[0.226s] gmake: *** [Makefile:308: cmake_check_build_system] Error 1
[0.229s] Invoked command in '/home/chovy/workspace-udemy/pcl-exercise/build/point_cloud_processing' returned '2': /usr/bin/cmake --build /home/chovy/workspace-udemy/pcl-exercise/build/point_cloud_processing -- -j4 -l4
